0 info it worked if it ends with ok
1 verbose cli [ '/usr/bin/node', '/usr/bin/npm', 'run', 'start' ]
2 info using npm@3.5.2
3 info using node@v8.10.0
4 verbose run-script [ 'prestart', 'start', 'poststart' ]
5 info lifecycle ocean-nfc-server@1.0.0~prestart: ocean-nfc-server@1.0.0
6 silly lifecycle ocean-nfc-server@1.0.0~prestart: no script for prestart, continuing
7 info lifecycle ocean-nfc-server@1.0.0~start: ocean-nfc-server@1.0.0
8 verbose lifecycle ocean-nfc-server@1.0.0~start: unsafe-perm in lifecycle true
9 verbose lifecycle ocean-nfc-server@1.0.0~start: PATH: /usr/share/npm/bin/node-gyp-bin:/mnt/c/Users/Matthew/Documents/Uni/2019/COS301/phase 3/ocean-nfc-server/node_modules/.bin:/usr/local/sbin:/usr/local/bin:/usr/sbin:/usr/bin:/sbin:/bin:/usr/games:/usr/local/games:/mnt/c/Program Files/ImageMagick-7.0.8-Q8:/mnt/c/Program Files (x86)/Common Files/Oracle/Java/javapath:/mnt/c/Windows/System32:/mnt/c/Windows:/mnt/c/Windows/System32/wbem:/mnt/c/Windows/System32/WindowsPowerShell/v1.0:/mnt/c/Program Files/Microsoft VS Code/bin:/mnt/c/Windows/System32/OpenSSH:/mnt/c/Program Files/Git/cmd:/mnt/c/Program Files/Microsoft SQL Server/130/Tools/Binn:/mnt/c/Program Files (x86)/Microsoft SQL Server/140/Tools/Binn:/mnt/c/Program Files (x86)/Microsoft SQL Server/Client SDK/ODBC/130/Tools/Binn:/mnt/c/Program Files (x86)/Microsoft SQL Server/140/DTS/Binn:/mnt/c/Program Files (x86)/Microsoft SQL Server/140/Tools/Binn/ManagementStudio:/mnt/c/Program Files/nodejs:/mnt/c/Program Files (x86)/Windows Kits/10/Windows Performance Toolkit:/mnt/c/ProgramData/chocolatey/bin:/mnt/c/Program Files (x86)/Intel/Intel(R) Management Engine Components/DAL:/mnt/c/Program Files/Intel/Intel(R) Management Engine Components/DAL:/mnt/c/tools/php73:/mnt/c/ProgramData/ComposerSetup/bin:/mnt/c/pdf2html:/mnt/c/Program Files (x86)/WinSCP:/mnt/c/Program Files/dotnet:/mnt/c/Program Files/Microsoft SQL Server/Client SDK/ODBC/130/Tools/Binn:/mnt/c/Program Files/Microsoft SQL Server/140/Tools/Binn:/mnt/c/Program Files/Microsoft SQL Server/140/DTS/Binn:/mnt/c/Windows/System32:/mnt/c/Windows:/mnt/c/Windows/System32/wbem:/mnt/c/Windows/System32/WindowsPowerShell/v1.0:/mnt/c/Windows/System32/OpenSSH:/mnt/c/Program Files/heroku/bin:/mnt/c/Users/Matthew/.windows-build-tools/python27:/mnt/c/Program Files/nodejs/node_modules/npm/node_modules/npm-lifecycle/node-gyp-bin:/mnt/c/Users/Matthew/AppData/Roaming/npm/node_modules/windows-build-tools/node_modules/.bin:/mnt/c/Users/Matthew/AppData/Roaming/npm/node_modules/.bin:/mnt/c/Users/Matthew/.dnx/bin:/mnt/c/Program Files/Microsoft DNX/Dnvm/:/mnt/c/Program Files (x86)/Microsoft SQL Server/110/DTS/Binn/:/mnt/c/Program Files (x86)/Microsoft SQL Server/120/DTS/Binn/:/mnt/c/Program Files (x86)/Microsoft SQL Server/130/DTS/Binn/:/mnt/c/Users/Matthew/AppData/Local/Microsoft/WindowsApps:/mnt/c/Users/Matthew/AppData/Local/Programs/Microsoft VS Code/bin:/mnt/c/Users/Matthew/AppData/Local/Android/sdk/platform-tools:/mnt/c/Users/Matthew/AppData/Local/Android/sdk/tools:/mnt/c/Program Files/qemu:/mnt/c/Users/Matthew/AppData/Local/hyper/app-2.0.0/resources/bin:/mnt/c/Users/Matthew/AppData/Roaming/npm:/mnt/c/xampp/php:/mnt/c/Program Files/gs/gs9.25/bin:/mnt/c/Program Files (x86)/mitmproxy/bin:/mnt/c/flutter/bin:/mnt/c/tools/dart-sdk/bin:/mnt/c/Users/Matthew/AppData/Roaming/Pub/Cache/bin:/mnt/c/Users/Matthew/AppData/Roaming/Composer/vendor/bin:/mnt/c/Users/Matthew/AppData/Local/Programs/MiKTeX 2.9/miktex/bin/x64:/mnt/c/Users/Matthew/AppData/Local/Microsoft/WindowsApps:/snap/bin:/usr/lib/jvm/java-8-oracle/bin:/usr/lib/jvm/java-8-oracle/db/bin:/usr/lib/jvm/java-8-oracle/jre/bin
10 verbose lifecycle ocean-nfc-server@1.0.0~start: CWD: /mnt/c/Users/Matthew/Documents/Uni/2019/COS301/phase 3/ocean-nfc-server
11 silly lifecycle ocean-nfc-server@1.0.0~start: Args: [ '-c', 'node -r ts-node/register index.ts' ]
12 silly lifecycle ocean-nfc-server@1.0.0~start: Returned: code: 1  signal: null
13 info lifecycle ocean-nfc-server@1.0.0~start: Failed to exec start script
14 verbose stack Error: ocean-nfc-server@1.0.0 start: `node -r ts-node/register index.ts`
14 verbose stack Exit status 1
14 verbose stack     at EventEmitter.<anonymous> (/usr/share/npm/lib/utils/lifecycle.js:232:16)
14 verbose stack     at emitTwo (events.js:126:13)
14 verbose stack     at EventEmitter.emit (events.js:214:7)
14 verbose stack     at ChildProcess.<anonymous> (/usr/share/npm/lib/utils/spawn.js:24:14)
14 verbose stack     at emitTwo (events.js:126:13)
14 verbose stack     at ChildProcess.emit (events.js:214:7)
14 verbose stack     at maybeClose (internal/child_process.js:925:16)
14 verbose stack     at Process.ChildProcess._handle.onexit (internal/child_process.js:209:5)
15 verbose pkgid ocean-nfc-server@1.0.0
16 verbose cwd /mnt/c/Users/Matthew/Documents/Uni/2019/COS301/phase 3/ocean-nfc-server
17 error Linux 4.4.0-17763-Microsoft
18 error argv "/usr/bin/node" "/usr/bin/npm" "run" "start"
19 error node v8.10.0
20 error npm  v3.5.2
21 error code ELIFECYCLE
22 error ocean-nfc-server@1.0.0 start: `node -r ts-node/register index.ts`
22 error Exit status 1
23 error Failed at the ocean-nfc-server@1.0.0 start script 'node -r ts-node/register index.ts'.
23 error Make sure you have the latest version of node.js and npm installed.
23 error If you do, this is most likely a problem with the ocean-nfc-server package,
23 error not with npm itself.
23 error Tell the author that this fails on your system:
23 error     node -r ts-node/register index.ts
23 error You can get information on how to open an issue for this project with:
23 error     npm bugs ocean-nfc-server
23 error Or if that isn't available, you can get their info via:
23 error     npm owner ls ocean-nfc-server
23 error There is likely additional logging output above.
24 verbose exit [ 1, true ]
